<?xml version="1.0" encoding="UTF-8"?>
<!-- Generated by org.testng.reporters.JUnitXMLReporter -->
<testsuite ignored="0" hostname="DESKTOP-088ELTI" failures="0" tests="2" name="Default test" time="154.941" errors="0" timestamp="2023-04-15T13:19:03 IST">
  <testcase classname="vtiger.ContactsTests.CreateContactWithOrganisationPOMBaseGroups" name="CreateContactWithOrgPOMTest" time="104.73"/>
  <testcase classname="vtiger.ContactsTests.CreateContactWithOrganisationPOMBaseGroups" name="demoTest" time="0.007"/>
</testsuite> <!-- Default test -->
