<?xml version="1.0" encoding="UTF-8"?>
<!-- Generated by org.testng.reporters.JUnitXMLReporter -->
<testsuite ignored="0" hostname="DESKTOP-088ELTI" failures="0" tests="7" name="Default test" time="233.793" errors="0" timestamp="2023-04-11T16:22:27 IST">
  <testcase classname="vtiger.OrganisationsTests.CreateMultipleOrganisaton" name="createMultipleOrg" time="35.92"/>
  <testcase classname="vtiger.OrganisationsTests.CreateMultipleOrganisaton" name="createMultipleOrg" time="32.693"/>
  <testcase classname="vtiger.OrganisationsTests.CreateMultipleOrganisaton" name="createMultipleOrg" time="33.268"/>
  <testcase classname="vtiger.OrganisationsTests.CreateMultipleOrganisaton" name="createMultipleOrg" time="32.065"/>
  <testcase classname="vtiger.OrganisationsTests.CreateMultipleOrganisaton" name="createMultipleOrg" time="31.222"/>
  <testcase classname="vtiger.OrganisationsTests.CreateMultipleOrganisaton" name="createMultipleOrg" time="33.4"/>
  <testcase classname="vtiger.OrganisationsTests.CreateMultipleOrganisaton" name="createMultipleOrg" time="33.632"/>
</testsuite> <!-- Default test -->
