<?xml version="1.0" encoding="UTF-8"?>
<!-- Generated by org.testng.reporters.JUnitXMLReporter -->
<testsuite ignored="0" hostname="DESKTOP-088ELTI" failures="0" tests="1" name="Test2" time="62.824" errors="0" timestamp="2023-03-18T18:17:06 IST">
  <testcase classname="vtiger.GenericUtilities.BaseClassGroupsRegressionDistributedParallelExecution" name="@AfterMethod amConfig" time="0.002">
    <failure type="java.lang.Error" message="Unresolved compilation problem: 
	The method logoutofApp(WebDriver) in the type HomePage is not applicable for the arguments ()
">
      <![CDATA[java.lang.Error: Unresolved compilation problem: 
The method logoutofApp(WebDriver) in the type HomePage is not applicable for the arguments ()

at vtiger.GenericUtilities.BaseClassGroupsRegressionDistributedParallelExecution.amConfig(BaseClassGroupsRegressionDistributedParallelExecution.java:71)
at java.base/java.util.ArrayList.forEach(ArrayList.java:1541)
at java.base/java.util.concurrent.FutureTask.run(FutureTask.java:264)
at java.base/java.util.concurrent.ThreadPoolExecutor.runWorker(ThreadPoolExecutor.java:1128)
at java.base/java.util.concurrent.ThreadPoolExecutor$Worker.run(ThreadPoolExecutor.java:628)
at java.base/java.lang.Thread.run(Thread.java:829)
... Removed 23 stack frames]]>
    </failure>
  </testcase> <!-- @AfterMethod amConfig -->
  <testcase classname="vtiger.ContactsTests.CreateContactWithOrganisationPOMBaseDistributedParallelExecution" name="CreateContactWithOrgPOMTest" time="37.561"/>
</testsuite> <!-- Test2 -->
