<?xml version="1.0" encoding="UTF-8"?>
<!-- Generated by org.testng.reporters.JUnitXMLReporter -->
<testsuite ignored="1" hostname="DESKTOP-088ELTI" failures="0" tests="1" name="Test" time="18.681" errors="0" timestamp="2023-02-17T17:33:18 IST">
  <testcase classname="vtiger.GenericUtilities.BaseClassGroupsRegression" name="@AfterMethod amConfig" time="5.027">
    <failure type="java.lang.IllegalArgumentException" message="Driver must be set">
      <![CDATA[java.lang.IllegalArgumentException: Driver must be set
at org.openqa.selenium.internal.Require.nonNull(Require.java:59)
at org.openqa.selenium.interactions.Actions.<init>(Actions.java:60)
at vtiger.GenericUtilities.WebDriverUtility.mouseHover(WebDriverUtility.java:144)
at vtiger.ObjectRepository.HomePage.logoutofApp(HomePage.java:60)
at vtiger.GenericUtilities.BaseClassGroupsRegression.amConfig(BaseClassGroupsRegression.java:66)
at java.base/java.util.ArrayList.forEach(ArrayList.java:1541)
... Removed 32 stack frames]]>
    </failure>
  </testcase> <!-- @AfterMethod amConfig -->
  <testcase classname="vtiger.GenericUtilities.BaseClassGroupsRegression" name="@AfterClass acConfig" time="-1.676635398373E9">
    <skipped/>
  </testcase> <!-- @AfterClass acConfig -->
  <testcase classname="vtiger.ContactsTests.CreateContactWithOrganisationPOMBaseGroupsRegionalRegression" name="demoTest" time="0.017"/>
  <testcase classname="vtiger.ContactsTests.CreateContactWithOrganisationPOMBaseGroupsRegionalRegression" name="CreateContactWithOrgPOMTest" time="0.0">
    <ignored/>
  </testcase> <!-- CreateContactWithOrgPOMTest -->
</testsuite> <!-- Test -->
