<?xml version="1.0" encoding="UTF-8"?>
<testng-results ignored="0" total="7" passed="7" failed="0" skipped="0">
  <reporter-output>
  </reporter-output>
  <suite started-at="2023-04-11T16:18:33 IST" name="Default suite" finished-at="2023-04-11T16:22:27 IST" duration-ms="233793">
    <groups>
    </groups>
    <test started-at="2023-04-11T16:18:33 IST" name="Default test" finished-at="2023-04-11T16:22:27 IST" duration-ms="233793">
      <class name="vtiger.OrganisationsTests.CreateMultipleOrganisaton">
        <test-method signature="createMultipleOrg(java.lang.String,java.lang.String)[pri:0, instance:vtiger.OrganisationsTests.CreateMultipleOrganisaton@21282ed8]" started-at="2023-04-11T16:18:35 IST" name="createMultipleOrg" data-provider="OrgData" finished-at="2023-04-11T16:19:11 IST" duration-ms="35920" status="PASS">
          <params>
            <param index="0">
              <value>
                <![CDATA[Wipro]]>
              </value>
            </param>
            <param index="1">
              <value>
                <![CDATA[Apparel]]>
              </value>
            </param>
          </params>
          <reporter-output>
          </reporter-output>
        </test-method> <!-- createMultipleOrg -->
        <test-method signature="createMultipleOrg(java.lang.String,java.lang.String)[pri:0, instance:vtiger.OrganisationsTests.CreateMultipleOrganisaton@21282ed8]" started-at="2023-04-11T16:19:11 IST" name="createMultipleOrg" data-provider="OrgData" finished-at="2023-04-11T16:19:43 IST" duration-ms="32693" status="PASS">
          <params>
            <param index="0">
              <value>
                <![CDATA[Oinfy]]>
              </value>
            </param>
            <param index="1">
              <value>
                <![CDATA[Chemicals]]>
              </value>
            </param>
          </params>
          <reporter-output>
          </reporter-output>
        </test-method> <!-- createMultipleOrg -->
        <test-method signature="createMultipleOrg(java.lang.String,java.lang.String)[pri:0, instance:vtiger.OrganisationsTests.CreateMultipleOrganisaton@21282ed8]" started-at="2023-04-11T16:19:43 IST" name="createMultipleOrg" data-provider="OrgData" finished-at="2023-04-11T16:20:17 IST" duration-ms="33268" status="PASS">
          <params>
            <param index="0">
              <value>
                <![CDATA[PWC]]>
              </value>
            </param>
            <param index="1">
              <value>
                <![CDATA[Banking]]>
              </value>
            </param>
          </params>
          <reporter-output>
          </reporter-output>
        </test-method> <!-- createMultipleOrg -->
        <test-method signature="createMultipleOrg(java.lang.String,java.lang.String)[pri:0, instance:vtiger.OrganisationsTests.CreateMultipleOrganisaton@21282ed8]" started-at="2023-04-11T16:20:17 IST" name="createMultipleOrg" data-provider="OrgData" finished-at="2023-04-11T16:20:49 IST" duration-ms="32065" status="PASS">
          <params>
            <param index="0">
              <value>
                <![CDATA[LT]]>
              </value>
            </param>
            <param index="1">
              <value>
                <![CDATA[Banking]]>
              </value>
            </param>
          </params>
          <reporter-output>
          </reporter-output>
        </test-method> <!-- createMultipleOrg -->
        <test-method signature="createMultipleOrg(java.lang.String,java.lang.String)[pri:0, instance:vtiger.OrganisationsTests.CreateMultipleOrganisaton@21282ed8]" started-at="2023-04-11T16:20:49 IST" name="createMultipleOrg" data-provider="OrgData" finished-at="2023-04-11T16:21:20 IST" duration-ms="31222" status="PASS">
          <params>
            <param index="0">
              <value>
                <![CDATA[Amdocs]]>
              </value>
            </param>
            <param index="1">
              <value>
                <![CDATA[Chemicals]]>
              </value>
            </param>
          </params>
          <reporter-output>
          </reporter-output>
        </test-method> <!-- createMultipleOrg -->
        <test-method signature="createMultipleOrg(java.lang.String,java.lang.String)[pri:0, instance:vtiger.OrganisationsTests.CreateMultipleOrganisaton@21282ed8]" started-at="2023-04-11T16:21:20 IST" name="createMultipleOrg" data-provider="OrgData" finished-at="2023-04-11T16:21:53 IST" duration-ms="33400" status="PASS">
          <params>
            <param index="0">
              <value>
                <![CDATA[Amazon]]>
              </value>
            </param>
            <param index="1">
              <value>
                <![CDATA[Construction]]>
              </value>
            </param>
          </params>
          <reporter-output>
          </reporter-output>
        </test-method> <!-- createMultipleOrg -->
        <test-method signature="createMultipleOrg(java.lang.String,java.lang.String)[pri:0, instance:vtiger.OrganisationsTests.CreateMultipleOrganisaton@21282ed8]" started-at="2023-04-11T16:21:53 IST" name="createMultipleOrg" data-provider="OrgData" finished-at="2023-04-11T16:22:27 IST" duration-ms="33632" status="PASS">
          <params>
            <param index="0">
              <value>
                <![CDATA[Lumen]]>
              </value>
            </param>
            <param index="1">
              <value>
                <![CDATA[Energy]]>
              </value>
            </param>
          </params>
          <reporter-output>
          </reporter-output>
        </test-method> <!-- createMultipleOrg -->
      </class> <!-- vtiger.OrganisationsTests.CreateMultipleOrganisaton -->
    </test> <!-- Default test -->
  </suite> <!-- Default suite -->
</testng-results>
