<?xml version="1.0" encoding="UTF-8"?>
<testng-results ignored="1" total="2" passed="1" failed="0" skipped="0">
  <reporter-output>
  </reporter-output>
  <suite started-at="2023-04-15T13:19:26 IST" name="Suite" finished-at="2023-04-15T13:20:33 IST" duration-ms="67820">
    <groups>
      <group name="SmokeSuite">
        <method signature="CreateContactWithOrganisationPOMBaseGroups.CreateContactWithOrgPOMTest()[pri:0, instance:vtiger.ContactsTests.CreateContactWithOrganisationPOMBaseGroups@273e7444]" name="CreateContactWithOrgPOMTest" class="vtiger.ContactsTests.CreateContactWithOrganisationPOMBaseGroups"/>
      </group> <!-- SmokeSuite -->
    </groups>
    <test started-at="2023-04-15T13:19:26 IST" name="Test" finished-at="2023-04-15T13:20:33 IST" duration-ms="67820">
      <class name="vtiger.ContactsTests.CreateContactWithOrganisationPOMBaseGroups">
        <test-method is-config="true" signature="bsConfig()[pri:0, instance:vtiger.ContactsTests.CreateContactWithOrganisationPOMBaseGroups@273e7444]" started-at="2023-04-15T13:19:26 IST" name="bsConfig" finished-at="2023-04-15T13:19:26 IST" duration-ms="13" status="PASS">
          <reporter-output>
          </reporter-output>
        </test-method> <!-- bsConfig -->
        <test-method is-config="true" signature="bcConfig()[pri:0, instance:vtiger.ContactsTests.CreateContactWithOrganisationPOMBaseGroups@273e7444]" started-at="2023-04-15T13:19:26 IST" name="bcConfig" finished-at="2023-04-15T13:19:34 IST" duration-ms="8064" status="PASS">
          <reporter-output>
          </reporter-output>
        </test-method> <!-- bcConfig -->
        <test-method is-config="true" signature="bmConfig()[pri:0, instance:vtiger.ContactsTests.CreateContactWithOrganisationPOMBaseGroups@273e7444]" started-at="2023-04-15T13:19:34 IST" name="bmConfig" finished-at="2023-04-15T13:19:39 IST" duration-ms="4843" status="PASS">
          <reporter-output>
          </reporter-output>
        </test-method> <!-- bmConfig -->
        <test-method signature="CreateContactWithOrgPOMTest()[pri:0, instance:vtiger.ContactsTests.CreateContactWithOrganisationPOMBaseGroups@273e7444]" started-at="2023-04-15T13:19:39 IST" name="CreateContactWithOrgPOMTest" finished-at="2023-04-15T13:20:23 IST" duration-ms="44175" status="PASS">
          <reporter-output>
          </reporter-output>
        </test-method> <!-- CreateContactWithOrgPOMTest -->
        <test-method is-config="true" signature="amConfig()[pri:0, instance:vtiger.ContactsTests.CreateContactWithOrganisationPOMBaseGroups@273e7444]" started-at="2023-04-15T13:20:23 IST" name="amConfig" finished-at="2023-04-15T13:20:33 IST" duration-ms="9822" status="PASS">
          <reporter-output>
          </reporter-output>
        </test-method> <!-- amConfig -->
        <test-method is-config="true" signature="acConfig()[pri:0, instance:vtiger.ContactsTests.CreateContactWithOrganisationPOMBaseGroups@273e7444]" started-at="2023-04-15T13:20:33 IST" name="acConfig" finished-at="2023-04-15T13:20:33 IST" duration-ms="820" status="PASS">
          <reporter-output>
          </reporter-output>
        </test-method> <!-- acConfig -->
        <test-method is-config="true" signature="asConfig()[pri:0, instance:vtiger.ContactsTests.CreateContactWithOrganisationPOMBaseGroups@273e7444]" started-at="2023-04-15T13:20:33 IST" name="asConfig" finished-at="2023-04-15T13:20:33 IST" duration-ms="0" status="PASS">
          <reporter-output>
          </reporter-output>
        </test-method> <!-- asConfig -->
      </class> <!-- vtiger.ContactsTests.CreateContactWithOrganisationPOMBaseGroups -->
    </test> <!-- Test -->
  </suite> <!-- Suite -->
</testng-results>
